# JRE version: OpenJDK Runtime Environment (21.0.8) (build 21.0.8+-14196175-b1038.72)
# Java VM: OpenJDK 64-Bit Server VM (21.0.8+-14196175-b1038.72, mixed mode, tiered, compressed oops, compressed class ptrs, g1 gc, windows-amd64)
GC Precious Log:
 CardTable entry size: 512
 Card Set container configuration: InlinePtr #cards 5 size 8 Array Of Cards #cards 12 size 40 Howl #buckets 4 coarsen threshold 1843 Howl Bitmap #cards 512 size 80 coarsen threshold 460 Card regions per heap region 1 cards per card region 2048
 CPUs: 8 total, 8 available
 Memory: 6030M
 Large Page Support: Disabled
 NUMA Support: Disabled
 Compressed Oops: Enabled (32-bit)
 Heap Region Size: 1M
 Heap Min Capacity: 8M
 Heap Initial Capacity: 96M
 Heap Max Capacity: 2G
 Pre-touch: Disabled
 Parallel Workers: 8
 Concurrent Workers: 2
 Concurrent Refinement Workers: 8
 Periodic GC: Disabled
Heap:
 garbage-first heap   total 169984K, used 121989K [0x0000000080000000, 0x0000000100000000)
  region size 1024K, 12 young (12288K), 7 survivors (7168K)
 Metaspace       used 114260K, committed 116608K, reserved 1179648K
  class space    used 16329K, committed 17472K, reserved 1048576K
GC Heap History (20 events):
Event: 95.518 GC heap before
{Heap before GC invocations=41 (full 0):
 garbage-first heap   total 137216K, used 122553K [0x0000000080000000, 0x0000000100000000)
  region size 1024K, 42 young (43008K), 6 survivors (6144K)
 Metaspace       used 89387K, committed 91392K, reserved 1179648K
  class space    used 12527K, committed 13504K, reserved 1048576K
}
Event: 95.528 GC heap after
{Heap after GC invocations=42 (full 0):
 garbage-first heap   total 137216K, used 88229K [0x0000000080000000, 0x0000000100000000)
  region size 1024K, 3 young (3072K), 3 survivors (3072K)
 Metaspace       used 89387K, committed 91392K, reserved 1179648K
  class space    used 12527K, committed 13504K, reserved 1048576K
}
Event: 96.549 GC heap before
{Heap before GC invocations=43 (full 0):
 garbage-first heap   total 150528K, used 123045K [0x0000000080000000, 0x0000000100000000)
  region size 1024K, 38 young (38912K), 3 survivors (3072K)
 Metaspace       used 91019K, committed 93056K, reserved 1179648K
  class space    used 12740K, committed 13696K, reserved 1048576K
}
Event: 96.560 GC heap after
{Heap after GC invocations=44 (full 0):
 garbage-first heap   total 150528K, used 92277K [0x0000000080000000, 0x0000000100000000)
  region size 1024K, 5 young (5120K), 5 survivors (5120K)
 Metaspace       used 91019K, committed 93056K, reserved 1179648K
  class space    used 12740K, committed 13696K, reserved 1048576K
}
Event: 97.789 GC heap before
{Heap before GC invocations=44 (full 0):
 garbage-first heap   total 150528K, used 136309K [0x0000000080000000, 0x0000000100000000)
  region size 1024K, 48 young (49152K), 5 survivors (5120K)
 Metaspace       used 94055K, committed 96128K, reserved 1179648K
  class space    used 13169K, committed 14144K, reserved 1048576K
}
Event: 97.799 GC heap after
{Heap after GC invocations=45 (full 0):
 garbage-first heap   total 150528K, used 94189K [0x0000000080000000, 0x0000000100000000)
  region size 1024K, 4 young (4096K), 4 survivors (4096K)
 Metaspace       used 94055K, committed 96128K, reserved 1179648K
  class space    used 13169K, committed 14144K, reserved 1048576K
}
Event: 99.630 GC heap before
{Heap before GC invocations=45 (full 0):
 garbage-first heap   total 150528K, used 137197K [0x0000000080000000, 0x0000000100000000)
  region size 1024K, 46 young (47104K), 4 survivors (4096K)
 Metaspace       used 97506K, committed 99712K, reserved 1179648K
  class space    used 13745K, committed 14784K, reserved 1048576K
}
Event: 99.637 GC heap after
{Heap after GC invocations=46 (full 0):
 garbage-first heap   total 150528K, used 95787K [0x0000000080000000, 0x0000000100000000)
  region size 1024K, 2 young (2048K), 2 survivors (2048K)
 Metaspace       used 97506K, committed 99712K, reserved 1179648K
  class space    used 13745K, committed 14784K, reserved 1048576K
}
Event: 102.544 GC heap before
{Heap before GC invocations=47 (full 0):
 garbage-first heap   total 160768K, used 138795K [0x0000000080000000, 0x0000000100000000)
  region size 1024K, 44 young (45056K), 2 survivors (2048K)
 Metaspace       used 100783K, committed 102976K, reserved 1179648K
  class space    used 14314K, committed 15360K, reserved 1048576K
}
Event: 102.552 GC heap after
{Heap after GC invocations=48 (full 0):
 garbage-first heap   total 160768K, used 97600K [0x0000000080000000, 0x0000000100000000)
  region size 1024K, 4 young (4096K), 4 survivors (4096K)
 Metaspace       used 100783K, committed 102976K, reserved 1179648K
  class space    used 14314K, committed 15360K, reserved 1048576K
}
Event: 106.094 GC heap before
{Heap before GC invocations=48 (full 0):
 garbage-first heap   total 160768K, used 146752K [0x0000000080000000, 0x0000000100000000)
  region size 1024K, 52 young (53248K), 4 survivors (4096K)
 Metaspace       used 104427K, committed 106752K, reserved 1179648K
  class space    used 14870K, committed 16000K, reserved 1048576K
}
Event: 106.102 GC heap after
{Heap after GC invocations=49 (full 0):
 garbage-first heap   total 160768K, used 98557K [0x0000000080000000, 0x0000000100000000)
  region size 1024K, 7 young (7168K), 7 survivors (7168K)
 Metaspace       used 104427K, committed 106752K, reserved 1179648K
  class space    used 14870K, committed 16000K, reserved 1048576K
}
Event: 109.892 GC heap before
{Heap before GC invocations=49 (full 0):
 garbage-first heap   total 160768K, used 142589K [0x0000000080000000, 0x0000000100000000)
  region size 1024K, 50 young (51200K), 7 survivors (7168K)
 Metaspace       used 109059K, committed 111360K, reserved 1179648K
  class space    used 15521K, committed 16640K, reserved 1048576K
}
Event: 109.905 GC heap after
{Heap after GC invocations=50 (full 0):
 garbage-first heap   total 160768K, used 100516K [0x0000000080000000, 0x0000000100000000)
  region size 1024K, 5 young (5120K), 5 survivors (5120K)
 Metaspace       used 109059K, committed 111360K, reserved 1179648K
  class space    used 15521K, committed 16640K, reserved 1048576K
}
Event: 114.484 GC heap before
{Heap before GC invocations=51 (full 0):
 garbage-first heap   total 168960K, used 145572K [0x0000000080000000, 0x0000000100000000)
  region size 1024K, 49 young (50176K), 5 survivors (5120K)
 Metaspace       used 111170K, committed 113536K, reserved 1179648K
  class space    used 15844K, committed 16960K, reserved 1048576K
}
Event: 114.494 GC heap after
{Heap after GC invocations=52 (full 0):
 garbage-first heap   total 168960K, used 104077K [0x0000000080000000, 0x0000000100000000)
  region size 1024K, 6 young (6144K), 6 survivors (6144K)
 Metaspace       used 111170K, committed 113536K, reserved 1179648K
  class space    used 15844K, committed 16960K, reserved 1048576K
}
Event: 115.680 GC heap before
{Heap before GC invocations=52 (full 0):
 garbage-first heap   total 168960K, used 153229K [0x0000000080000000, 0x0000000100000000)
  region size 1024K, 54 young (55296K), 6 survivors (6144K)
 Metaspace       used 111676K, committed 113984K, reserved 1179648K
  class space    used 15898K, committed 17024K, reserved 1048576K
}
Event: 115.697 GC heap after
{Heap after GC invocations=53 (full 0):
 garbage-first heap   total 169984K, used 110217K [0x0000000080000000, 0x0000000100000000)
  region size 1024K, 7 young (7168K), 7 survivors (7168K)
 Metaspace       used 111676K, committed 113984K, reserved 1179648K
  class space    used 15898K, committed 17024K, reserved 1048576K
}
Event: 118.143 GC heap before
{Heap before GC invocations=53 (full 0):
 garbage-first heap   total 169984K, used 152201K [0x0000000080000000, 0x0000000100000000)
  region size 1024K, 49 young (50176K), 7 survivors (7168K)
 Metaspace       used 114236K, committed 116608K, reserved 1179648K
  class space    used 16329K, committed 17472K, reserved 1048576K
}
Event: 118.166 GC heap after
{Heap after GC invocations=54 (full 0):
 garbage-first heap   total 169984K, used 117893K [0x0000000080000000, 0x0000000100000000)
  region size 1024K, 7 young (7168K), 7 survivors (7168K)
 Metaspace       used 114236K, committed 116608K, reserved 1179648K
  class space    used 16329K, committed 17472K, reserved 1048576K
}

