# JRE version: OpenJDK Runtime Environment (21.0.8) (build 21.0.8+-14196175-b1038.72)
# Java VM: OpenJDK 64-Bit Server VM (21.0.8+-14196175-b1038.72, mixed mode, tiered, compressed oops, compressed class ptrs, g1 gc, windows-amd64)
GC Precious Log:
 CardTable entry size: 512
 Card Set container configuration: InlinePtr #cards 5 size 8 Array Of Cards #cards 12 size 40 Howl #buckets 4 coarsen threshold 1843 Howl Bitmap #cards 512 size 80 coarsen threshold 460 Card regions per heap region 1 cards per card region 2048
 CPUs: 8 total, 8 available
 Memory: 6030M
 Large Page Support: Disabled
 NUMA Support: Disabled
 Compressed Oops: Enabled (32-bit)
 Heap Region Size: 1M
 Heap Min Capacity: 8M
 Heap Initial Capacity: 96M
 Heap Max Capacity: 2G
 Pre-touch: Disabled
 Parallel Workers: 8
 Concurrent Workers: 2
 Concurrent Refinement Workers: 8
 Periodic GC: Disabled
Heap:
 garbage-first heap   total 211968K, used 169640K [0x0000000080000000, 0x0000000100000000)
  region size 1024K, 47 young (48128K), 6 survivors (6144K)
 Metaspace       used 107452K, committed 109696K, reserved 1179648K
  class space    used 14999K, committed 16128K, reserved 1048576K
GC Heap History (20 events):
Event: 261.556 GC heap before
{Heap before GC invocations=34 (full 0):
 garbage-first heap   total 142336K, used 127753K [0x0000000080000000, 0x0000000100000000)
  region size 1024K, 45 young (46080K), 5 survivors (5120K)
 Metaspace       used 79152K, committed 81088K, reserved 1179648K
  class space    used 11293K, committed 12224K, reserved 1048576K
}
Event: 261.568 GC heap after
{Heap after GC invocations=35 (full 0):
 garbage-first heap   total 171008K, used 85476K [0x0000000080000000, 0x0000000100000000)
  region size 1024K, 3 young (3072K), 3 survivors (3072K)
 Metaspace       used 79152K, committed 81088K, reserved 1179648K
  class space    used 11293K, committed 12224K, reserved 1048576K
}
Event: 279.382 GC heap before
{Heap before GC invocations=35 (full 0):
 garbage-first heap   total 171008K, used 147940K [0x0000000080000000, 0x0000000100000000)
  region size 1024K, 65 young (66560K), 3 survivors (3072K)
 Metaspace       used 87652K, committed 89536K, reserved 1179648K
  class space    used 12375K, committed 13312K, reserved 1048576K
}
Event: 279.406 GC heap after
{Heap after GC invocations=36 (full 0):
 garbage-first heap   total 171008K, used 92223K [0x0000000080000000, 0x0000000100000000)
  region size 1024K, 9 young (9216K), 9 survivors (9216K)
 Metaspace       used 87652K, committed 89536K, reserved 1179648K
  class space    used 12375K, committed 13312K, reserved 1048576K
}
Event: 283.582 GC heap before
{Heap before GC invocations=37 (full 0):
 garbage-first heap   total 171008K, used 150591K [0x0000000080000000, 0x0000000100000000)
  region size 1024K, 67 young (68608K), 9 survivors (9216K)
 Metaspace       used 88007K, committed 89920K, reserved 1179648K
  class space    used 12370K, committed 13312K, reserved 1048576K
}
Event: 283.614 GC heap after
{Heap after GC invocations=38 (full 0):
 garbage-first heap   total 171008K, used 97698K [0x0000000080000000, 0x0000000100000000)
  region size 1024K, 7 young (7168K), 7 survivors (7168K)
 Metaspace       used 88007K, committed 89920K, reserved 1179648K
  class space    used 12370K, committed 13312K, reserved 1048576K
}
Event: 286.275 GC heap before
{Heap before GC invocations=38 (full 0):
 garbage-first heap   total 171008K, used 150946K [0x0000000080000000, 0x0000000100000000)
  region size 1024K, 60 young (61440K), 7 survivors (7168K)
 Metaspace       used 88084K, committed 90048K, reserved 1179648K
  class space    used 12371K, committed 13312K, reserved 1048576K
}
Event: 286.288 GC heap after
{Heap after GC invocations=39 (full 0):
 garbage-first heap   total 171008K, used 98626K [0x0000000080000000, 0x0000000100000000)
  region size 1024K, 5 young (5120K), 5 survivors (5120K)
 Metaspace       used 88084K, committed 90048K, reserved 1179648K
  class space    used 12371K, committed 13312K, reserved 1048576K
}
Event: 288.983 GC heap before
{Heap before GC invocations=39 (full 0):
 garbage-first heap   total 171008K, used 152898K [0x0000000080000000, 0x0000000100000000)
  region size 1024K, 59 young (60416K), 5 survivors (5120K)
 Metaspace       used 88250K, committed 90240K, reserved 1179648K
  class space    used 12404K, committed 13376K, reserved 1048576K
}
Event: 289.015 GC heap after
{Heap after GC invocations=40 (full 0):
 garbage-first heap   total 171008K, used 100885K [0x0000000080000000, 0x0000000100000000)
  region size 1024K, 7 young (7168K), 7 survivors (7168K)
 Metaspace       used 88250K, committed 90240K, reserved 1179648K
  class space    used 12404K, committed 13376K, reserved 1048576K
}
Event: 296.244 GC heap before
{Heap before GC invocations=41 (full 0):
 garbage-first heap   total 171008K, used 162325K [0x0000000080000000, 0x0000000100000000)
  region size 1024K, 59 young (60416K), 7 survivors (7168K)
 Metaspace       used 91525K, committed 93504K, reserved 1179648K
  class space    used 12814K, committed 13760K, reserved 1048576K
}
Event: 296.301 GC heap after
{Heap after GC invocations=42 (full 0):
 garbage-first heap   total 179200K, used 117199K [0x0000000080000000, 0x0000000100000000)
  region size 1024K, 8 young (8192K), 8 survivors (8192K)
 Metaspace       used 91525K, committed 93504K, reserved 1179648K
  class space    used 12814K, committed 13760K, reserved 1048576K
}
Event: 301.395 GC heap before
{Heap before GC invocations=42 (full 0):
 garbage-first heap   total 179200K, used 162255K [0x0000000080000000, 0x0000000100000000)
  region size 1024K, 50 young (51200K), 8 survivors (8192K)
 Metaspace       used 96025K, committed 98112K, reserved 1179648K
  class space    used 13431K, committed 14464K, reserved 1048576K
}
Event: 301.406 GC heap after
{Heap after GC invocations=43 (full 0):
 garbage-first heap   total 179200K, used 119104K [0x0000000080000000, 0x0000000100000000)
  region size 1024K, 2 young (2048K), 2 survivors (2048K)
 Metaspace       used 96025K, committed 98112K, reserved 1179648K
  class space    used 13431K, committed 14464K, reserved 1048576K
}
Event: 312.942 GC heap before
{Heap before GC invocations=43 (full 0):
 garbage-first heap   total 179200K, used 160064K [0x0000000080000000, 0x0000000100000000)
  region size 1024K, 44 young (45056K), 2 survivors (2048K)
 Metaspace       used 99327K, committed 101440K, reserved 1179648K
  class space    used 13884K, committed 14912K, reserved 1048576K
}
Event: 312.949 GC heap after
{Heap after GC invocations=44 (full 0):
 garbage-first heap   total 179200K, used 121478K [0x0000000080000000, 0x0000000100000000)
  region size 1024K, 5 young (5120K), 5 survivors (5120K)
 Metaspace       used 99327K, committed 101440K, reserved 1179648K
  class space    used 13884K, committed 14912K, reserved 1048576K
}
Event: 316.200 GC heap before
{Heap before GC invocations=45 (full 0):
 garbage-first heap   total 211968K, used 166534K [0x0000000080000000, 0x0000000100000000)
  region size 1024K, 44 young (45056K), 5 survivors (5120K)
 Metaspace       used 101386K, committed 103488K, reserved 1179648K
  class space    used 14185K, committed 15232K, reserved 1048576K
}
Event: 316.262 GC heap after
{Heap after GC invocations=46 (full 0):
 garbage-first heap   total 211968K, used 126098K [0x0000000080000000, 0x0000000100000000)
  region size 1024K, 6 young (6144K), 6 survivors (6144K)
 Metaspace       used 101386K, committed 103488K, reserved 1179648K
  class space    used 14185K, committed 15232K, reserved 1048576K
}
Event: 329.450 GC heap before
{Heap before GC invocations=46 (full 0):
 garbage-first heap   total 211968K, used 184466K [0x0000000080000000, 0x0000000100000000)
  region size 1024K, 63 young (64512K), 6 survivors (6144K)
 Metaspace       used 104514K, committed 106688K, reserved 1179648K
  class space    used 14584K, committed 15680K, reserved 1048576K
}
Event: 329.460 GC heap after
{Heap after GC invocations=47 (full 0):
 garbage-first heap   total 211968K, used 128680K [0x0000000080000000, 0x0000000100000000)
  region size 1024K, 6 young (6144K), 6 survivors (6144K)
 Metaspace       used 104514K, committed 106688K, reserved 1179648K
  class space    used 14584K, committed 15680K, reserved 1048576K
}

